Using pre-set license
Built from '2021.1/staging' branch; Version is '2021.1.7f1 (d91830b65d9b) revision 14227504'; Using compiler version '192528614'; Build Type 'Release'
OS: 'Windows 10 Pro; OS build 19044.1706; Version 2009; 64bit' Language: 'en' Physical Memory: 8091 MB
BatchMode: 1, IsHumanControllingUs: 0, StartBugReporterOnCrash: 0, Is64bit: 1, IsPro: 0

 COMMAND LINE ARGUMENTS:
C:\Program Files\Unity\Hub\Editor\2021.1.7f1\Editor\Unity.exe
-adb2
-batchMode
-noUpm
-name
AssetImportWorker0
-projectPath
D:/workspace/FPSResources/FPSResources
-logFile
Logs/AssetImportWorker0.log
-srvPort
60926
Successfully changed project path to: D:/workspace/FPSResources/FPSResources
D:/workspace/FPSResources/FPSResources
Using Asset Import Pipeline V2.
Refreshing native plugins compatible for Editor in 105.83 ms, found 0 plugins.
Preloading 0 native plugins for Editor in 0.00 ms.
Initialize engine version: 2021.1.7f1 (d91830b65d9b)
[Subsystems] Discovering subsystems at path C:/Program Files/Unity/Hub/Editor/2021.1.7f1/Editor/Data/Resources/UnitySubsystems
[Subsystems] Discovering subsystems at path D:/workspace/FPSResources/FPSResources/Assets
GfxDevice: creating device client; threaded=0; jobified=0
Direct3D:
    Version:  Direct3D 11.0 [level 11.0]
    Renderer: NVIDIA GeForce 930M (ID=0x1346)
    Vendor:   NVIDIA
    VRAM:     2020 MB
    Driver:   23.21.13.8857
Initialize mono
Mono path[0] = 'C:/Program Files/Unity/Hub/Editor/2021.1.7f1/Editor/Data/Managed'
Mono path[1] = 'C:/Program Files/Unity/Hub/Editor/2021.1.7f1/Editor/Data/MonoBleedingEdge/lib/mono/unityjit'
Mono config path = 'C:/Program Files/Unity/Hub/Editor/2021.1.7f1/Editor/Data/MonoBleedingEdge/etc'
Using monoOptions --debugger-agent=transport=dt_socket,embedding=1,server=y,suspend=n,address=127.0.0.1:56932
Begin MonoManager ReloadAssembly
Registering precompiled unity dll's ...
Register platform support module: C:/Program Files/Unity/Hub/Editor/2021.1.7f1/Editor/Data/PlaybackEngines/WindowsStandaloneSupport/UnityEditor.WindowsStandalone.Extensions.dll
Registered in 0.003800 seconds.
Native extension for WindowsStandalone target not found
Refreshing native plugins compatible for Editor in 136.46 ms, found 0 plugins.
Preloading 0 native plugins for Editor in 0.00 ms.
Mono: successfully reloaded assembly
- Completed reload, in  3.905 seconds
Platform modules already initialized, skipping
Registering precompiled user dll's ...
Registered in 0.004183 seconds.
Begin MonoManager ReloadAssembly
Native extension for WindowsStandalone target not found
Refreshing native plugins compatible for Editor in 1.27 ms, found 0 plugins.
Preloading 0 native plugins for Editor in 0.00 ms.
Mono: successfully reloaded assembly
- Completed reload, in  2.258 seconds
Platform modules already initialized, skipping
========================================================================
Worker process is ready to serve import requests
Launched and connected shader compiler UnityShaderCompiler.exe after 0.07 seconds
Refreshing native plugins compatible for Editor in 1.14 ms, found 0 plugins.
Preloading 0 native plugins for Editor in 0.00 ms.
Unloading 1827 Unused Serialized files (Serialized files now loaded: 0)
System memory in use before: 82.1 MB.
System memory in use after: 82.2 MB.

Unloading 53 unused Assets to reduce memory usage. Loaded Objects now: 2257.
Total: 9.445500 ms (FindLiveObjects: 0.195900 ms CreateObjectMapping: 0.078800 ms MarkObjects: 9.050300 ms  DeleteObjects: 0.118200 ms)

========================================================================
Received Import Request.
  path: Assets/Standard Assets/Characters/ThirdPersonCharacter/Prefabs/ThirdPersonController.prefab
  artifactKey: Guid(7737647c22c1fc64a88d5cd030c352ce) Importer(815301076,1909f56bfc062723c751e8b465ee728b)
Start importing Assets/Standard Assets/Characters/ThirdPersonCharacter/Prefabs/ThirdPersonController.prefab using Guid(7737647c22c1fc64a88d5cd030c352ce) Importer(815301076,1909f56bfc062723c751e8b465ee728b)  -> (artifact id: '0f77b546c1e4bc7ba795600dfbae197d') in 0.496058 seconds 
========================================================================
Received Import Request.
  Time since last request: 0.000366 seconds.
  path: Assets/Standard Assets/Characters/ThirdPersonCharacter/Prefabs/AIThirdPersonController.prefab
  artifactKey: Guid(54eb5844754051b40a918a84c33b7c1a) Importer(815301076,1909f56bfc062723c751e8b465ee728b)
Start importing Assets/Standard Assets/Characters/ThirdPersonCharacter/Prefabs/AIThirdPersonController.prefab using Guid(54eb5844754051b40a918a84c33b7c1a) Importer(815301076,1909f56bfc062723c751e8b465ee728b)  -> (artifact id: '57e35e65c836b85e809fd3018812cf17') in 0.170833 seconds 
========================================================================
Received Prepare
Registering precompiled user dll's ...
Registered in 0.004201 seconds.
Begin MonoManager ReloadAssembly
Native extension for WindowsStandalone target not found
Refreshing native plugins compatible for Editor in 1.73 ms, found 0 plugins.
Preloading 0 native plugins for Editor in 0.00 ms.
Mono: successfully reloaded assembly
- Completed reload, in  2.103 seconds
Platform modules already initialized, skipping
Refreshing native plugins compatible for Editor in 1.45 ms, found 0 plugins.
Preloading 0 native plugins for Editor in 0.00 ms.
Unloading 1820 Unused Serialized files (Serialized files now loaded: 0)
System memory in use before: 99.5 MB.
System memory in use after: 99.7 MB.

Unloading 44 unused Assets to reduce memory usage. Loaded Objects now: 2268.
Total: 11.623100 ms (FindLiveObjects: 0.317100 ms CreateObjectMapping: 0.095800 ms MarkObjects: 11.158400 ms  DeleteObjects: 0.049200 ms)

========================================================================
Received Prepare
Registering precompiled user dll's ...
Registered in 0.005767 seconds.
Begin MonoManager ReloadAssembly
Native extension for WindowsStandalone target not found
Refreshing native plugins compatible for Editor in 1.20 ms, found 0 plugins.
Preloading 0 native plugins for Editor in 0.00 ms.
Mono: successfully reloaded assembly
- Completed reload, in  1.801 seconds
Platform modules already initialized, skipping
Refreshing native plugins compatible for Editor in 1.03 ms, found 0 plugins.
Preloading 0 native plugins for Editor in 0.00 ms.
Unloading 1820 Unused Serialized files (Serialized files now loaded: 0)
System memory in use before: 99.6 MB.
System memory in use after: 99.7 MB.

Unloading 44 unused Assets to reduce memory usage. Loaded Objects now: 2271.
Total: 8.800200 ms (FindLiveObjects: 0.192100 ms CreateObjectMapping: 0.116200 ms MarkObjects: 8.454100 ms  DeleteObjects: 0.035500 ms)

========================================================================
Received Prepare
Registering precompiled user dll's ...
Registered in 0.010265 seconds.
Begin MonoManager ReloadAssembly
Native extension for WindowsStandalone target not found
Refreshing native plugins compatible for Editor in 1.29 ms, found 0 plugins.
Preloading 0 native plugins for Editor in 0.00 ms.
Mono: successfully reloaded assembly
- Completed reload, in  2.424 seconds
Platform modules already initialized, skipping
Refreshing native plugins compatible for Editor in 1.24 ms, found 0 plugins.
Preloading 0 native plugins for Editor in 0.00 ms.
Unloading 1820 Unused Serialized files (Serialized files now loaded: 0)
System memory in use before: 99.6 MB.
System memory in use after: 99.7 MB.

Unloading 44 unused Assets to reduce memory usage. Loaded Objects now: 2274.
Total: 9.437200 ms (FindLiveObjects: 0.222500 ms CreateObjectMapping: 0.140400 ms MarkObjects: 9.018500 ms  DeleteObjects: 0.053800 ms)

========================================================================
Received Prepare
Registering precompiled user dll's ...
Registered in 0.003959 seconds.
Begin MonoManager ReloadAssembly
Native extension for WindowsStandalone target not found
Refreshing native plugins compatible for Editor in 1.58 ms, found 0 plugins.
Preloading 0 native plugins for Editor in 0.00 ms.
Mono: successfully reloaded assembly
- Completed reload, in  1.883 seconds
Platform modules already initialized, skipping
Refreshing native plugins compatible for Editor in 3.00 ms, found 0 plugins.
Preloading 0 native plugins for Editor in 0.00 ms.
Unloading 1820 Unused Serialized files (Serialized files now loaded: 0)
System memory in use before: 99.6 MB.
System memory in use after: 99.7 MB.

Unloading 44 unused Assets to reduce memory usage. Loaded Objects now: 2277.
Total: 10.704200 ms (FindLiveObjects: 0.183200 ms CreateObjectMapping: 0.078100 ms MarkObjects: 10.392900 ms  DeleteObjects: 0.047500 ms)

========================================================================
Received Prepare
Registering precompiled user dll's ...
Registered in 0.003812 seconds.
Begin MonoManager ReloadAssembly
Native extension for WindowsStandalone target not found
Refreshing native plugins compatible for Editor in 1.57 ms, found 0 plugins.
Preloading 0 native plugins for Editor in 0.00 ms.
Mono: successfully reloaded assembly
- Completed reload, in  1.452 seconds
Platform modules already initialized, skipping
Refreshing native plugins compatible for Editor in 1.27 ms, found 0 plugins.
Preloading 0 native plugins for Editor in 0.00 ms.
Unloading 1820 Unused Serialized files (Serialized files now loaded: 0)
System memory in use before: 99.6 MB.
System memory in use after: 99.7 MB.

Unloading 44 unused Assets to reduce memory usage. Loaded Objects now: 2280.
Total: 8.475500 ms (FindLiveObjects: 0.185500 ms CreateObjectMapping: 0.074100 ms MarkObjects: 8.171300 ms  DeleteObjects: 0.042700 ms)

========================================================================
Received Import Request.
  Time since last request: 3002.652026 seconds.
  path: Assets/Easy FPS/_scene/NavMesh.asset
  artifactKey: Guid(46b89725176d4e349a14a23e227dbd53) Importer(815301076,1909f56bfc062723c751e8b465ee728b)
Start importing Assets/Easy FPS/_scene/NavMesh.asset using Guid(46b89725176d4e349a14a23e227dbd53) Importer(815301076,1909f56bfc062723c751e8b465ee728b)  -> (artifact id: '06f787e9b0d7898b9aff2bac4c940d3d') in 0.115531 seconds 
========================================================================
Received Prepare
Registering precompiled user dll's ...
Registered in 0.009444 seconds.
Begin MonoManager ReloadAssembly
Native extension for WindowsStandalone target not found
Refreshing native plugins compatible for Editor in 1.91 ms, found 0 plugins.
Preloading 0 native plugins for Editor in 0.00 ms.
Mono: successfully reloaded assembly
- Completed reload, in  2.554 seconds
Platform modules already initialized, skipping
Refreshing native plugins compatible for Editor in 1.16 ms, found 0 plugins.
Preloading 0 native plugins for Editor in 0.00 ms.
Unloading 1820 Unused Serialized files (Serialized files now loaded: 0)
System memory in use before: 99.6 MB.
System memory in use after: 99.8 MB.

Unloading 44 unused Assets to reduce memory usage. Loaded Objects now: 2283.
Total: 8.090800 ms (FindLiveObjects: 0.169800 ms CreateObjectMapping: 0.075700 ms MarkObjects: 7.808200 ms  DeleteObjects: 0.035100 ms)

========================================================================
Received Prepare
Registering precompiled user dll's ...
Registered in 0.009056 seconds.
Begin MonoManager ReloadAssembly
Native extension for WindowsStandalone target not found
Refreshing native plugins compatible for Editor in 1.41 ms, found 0 plugins.
Preloading 0 native plugins for Editor in 0.00 ms.
Mono: successfully reloaded assembly
- Completed reload, in  2.080 seconds
Platform modules already initialized, skipping
Refreshing native plugins compatible for Editor in 1.15 ms, found 0 plugins.
Preloading 0 native plugins for Editor in 0.00 ms.
Unloading 1821 Unused Serialized files (Serialized files now loaded: 0)
System memory in use before: 99.7 MB.
System memory in use after: 99.8 MB.

Unloading 44 unused Assets to reduce memory usage. Loaded Objects now: 2287.
Total: 10.116800 ms (FindLiveObjects: 0.240900 ms CreateObjectMapping: 0.148900 ms MarkObjects: 9.674000 ms  DeleteObjects: 0.050200 ms)

========================================================================
Received Import Request.
  Time since last request: 5526.559701 seconds.
  path: Assets/Standard Assets/Characters/ThirdPersonCharacter/Prefabs/AIThirdPersonController.prefab
  artifactKey: Guid(54eb5844754051b40a918a84c33b7c1a) Importer(815301076,1909f56bfc062723c751e8b465ee728b)
Start importing Assets/Standard Assets/Characters/ThirdPersonCharacter/Prefabs/AIThirdPersonController.prefab using Guid(54eb5844754051b40a918a84c33b7c1a) Importer(815301076,1909f56bfc062723c751e8b465ee728b)  -> (artifact id: '67677f4130a646ccfd5898cbc7123a87') in 18.724083 seconds 
========================================================================
Received Prepare
Registering precompiled user dll's ...
Registered in 0.003785 seconds.
Begin MonoManager ReloadAssembly
Native extension for WindowsStandalone target not found
Refreshing native plugins compatible for Editor in 1.32 ms, found 0 plugins.
Preloading 0 native plugins for Editor in 0.00 ms.
Mono: successfully reloaded assembly
- Completed reload, in  2.015 seconds
Platform modules already initialized, skipping
Refreshing native plugins compatible for Editor in 1.02 ms, found 0 plugins.
Preloading 0 native plugins for Editor in 0.00 ms.
Unloading 1821 Unused Serialized files (Serialized files now loaded: 0)
System memory in use before: 99.7 MB.
System memory in use after: 99.8 MB.

Unloading 44 unused Assets to reduce memory usage. Loaded Objects now: 2291.
Total: 8.856100 ms (FindLiveObjects: 0.186800 ms CreateObjectMapping: 0.076100 ms MarkObjects: 8.541400 ms  DeleteObjects: 0.049900 ms)

========================================================================
Received Prepare
Registering precompiled user dll's ...
Registered in 0.005310 seconds.
Begin MonoManager ReloadAssembly
Native extension for WindowsStandalone target not found
Refreshing native plugins compatible for Editor in 1.20 ms, found 0 plugins.
Preloading 0 native plugins for Editor in 0.00 ms.
Mono: successfully reloaded assembly
- Completed reload, in  1.935 seconds
Platform modules already initialized, skipping
Refreshing native plugins compatible for Editor in 1.07 ms, found 0 plugins.
Preloading 0 native plugins for Editor in 0.00 ms.
Unloading 1821 Unused Serialized files (Serialized files now loaded: 0)
System memory in use before: 99.7 MB.
System memory in use after: 99.8 MB.

Unloading 44 unused Assets to reduce memory usage. Loaded Objects now: 2294.
Total: 7.727900 ms (FindLiveObjects: 0.173200 ms CreateObjectMapping: 0.076200 ms MarkObjects: 7.440500 ms  DeleteObjects: 0.035900 ms)

========================================================================
Received Import Request.
  Time since last request: 499.803960 seconds.
  path: Assets/Standard Assets/Characters/ThirdPersonCharacter/Prefabs/AIThirdPersonController.prefab
  artifactKey: Guid(54eb5844754051b40a918a84c33b7c1a) Importer(815301076,1909f56bfc062723c751e8b465ee728b)
Start importing Assets/Standard Assets/Characters/ThirdPersonCharacter/Prefabs/AIThirdPersonController.prefab using Guid(54eb5844754051b40a918a84c33b7c1a) Importer(815301076,1909f56bfc062723c751e8b465ee728b)  -> (artifact id: '300110c5ba862326f6c16a3566c0ad99') in 14.796648 seconds 
========================================================================
Received Import Request.
  Time since last request: 37.636517 seconds.
  path: Assets/Easy FPS/Prefabs/Bullet.prefab
  artifactKey: Guid(c9e619a669d974fd28b5c89e43f2bce2) Importer(815301076,1909f56bfc062723c751e8b465ee728b)
Start importing Assets/Easy FPS/Prefabs/Bullet.prefab using Guid(c9e619a669d974fd28b5c89e43f2bce2) Importer(815301076,1909f56bfc062723c751e8b465ee728b)  -> (artifact id: '73b504a70809cfb30c07987665a2edfd') in 0.033963 seconds 
========================================================================
Received Import Request.
  Time since last request: 61.306320 seconds.
  path: Assets/Easy FPS/Prefabs/Bullet.prefab
  artifactKey: Guid(c9e619a669d974fd28b5c89e43f2bce2) Importer(815301076,1909f56bfc062723c751e8b465ee728b)
Start importing Assets/Easy FPS/Prefabs/Bullet.prefab using Guid(c9e619a669d974fd28b5c89e43f2bce2) Importer(815301076,1909f56bfc062723c751e8b465ee728b)  -> (artifact id: '170e98f110f99ab1962386be5c7159ce') in 0.064691 seconds 
========================================================================
Received Import Request.
  Time since last request: 80.106812 seconds.
  path: ProjectSettings/TagManager.asset
  artifactKey: Guid(00000000000000003000000000000000) Importer(815301076,1909f56bfc062723c751e8b465ee728b)
Start importing ProjectSettings/TagManager.asset using Guid(00000000000000003000000000000000) Importer(815301076,1909f56bfc062723c751e8b465ee728b)  -> (artifact id: '9af95d655c60e46b893a262e8a3c9837') in 0.026133 seconds 
========================================================================
Received Import Request.
  Time since last request: 1.803343 seconds.
  path: Assets/Standard Assets/Characters/ThirdPersonCharacter/Prefabs/AIThirdPersonController.prefab
  artifactKey: Guid(54eb5844754051b40a918a84c33b7c1a) Importer(815301076,1909f56bfc062723c751e8b465ee728b)
Start importing Assets/Standard Assets/Characters/ThirdPersonCharacter/Prefabs/AIThirdPersonController.prefab using Guid(54eb5844754051b40a918a84c33b7c1a) Importer(815301076,1909f56bfc062723c751e8b465ee728b)  -> (artifact id: 'e62a49fc4d01b079f4286fb98e320ce4') in 0.346640 seconds 
========================================================================
Received Import Request.
  Time since last request: 9.375078 seconds.
  path: Assets/Standard Assets/Characters/ThirdPersonCharacter/Prefabs/AIThirdPersonController.prefab
  artifactKey: Guid(54eb5844754051b40a918a84c33b7c1a) Importer(815301076,1909f56bfc062723c751e8b465ee728b)
Start importing Assets/Standard Assets/Characters/ThirdPersonCharacter/Prefabs/AIThirdPersonController.prefab using Guid(54eb5844754051b40a918a84c33b7c1a) Importer(815301076,1909f56bfc062723c751e8b465ee728b)  -> (artifact id: 'bcfc13bacd58e56e0555ca457e5a27a4') in 0.121759 seconds 
========================================================================
Received Import Request.
  Time since last request: 2.525766 seconds.
  path: Assets/Standard Assets/Characters/ThirdPersonCharacter/Prefabs/AIThirdPersonController.prefab
  artifactKey: Guid(54eb5844754051b40a918a84c33b7c1a) Importer(815301076,1909f56bfc062723c751e8b465ee728b)
Start importing Assets/Standard Assets/Characters/ThirdPersonCharacter/Prefabs/AIThirdPersonController.prefab using Guid(54eb5844754051b40a918a84c33b7c1a) Importer(815301076,1909f56bfc062723c751e8b465ee728b)  -> (artifact id: 'c3a40cc5700c815d7dadf57958bffcb2') in 0.161010 seconds 
========================================================================
Received Prepare
Registering precompiled user dll's ...
Registered in 0.004076 seconds.
Begin MonoManager ReloadAssembly
Native extension for WindowsStandalone target not found
Refreshing native plugins compatible for Editor in 1.07 ms, found 0 plugins.
Preloading 0 native plugins for Editor in 0.00 ms.
Mono: successfully reloaded assembly
- Completed reload, in  2.154 seconds
Platform modules already initialized, skipping
Refreshing native plugins compatible for Editor in 1.13 ms, found 0 plugins.
Preloading 0 native plugins for Editor in 0.00 ms.
Unloading 1821 Unused Serialized files (Serialized files now loaded: 0)
System memory in use before: 99.8 MB.
System memory in use after: 99.9 MB.

Unloading 45 unused Assets to reduce memory usage. Loaded Objects now: 2299.
Total: 8.879100 ms (FindLiveObjects: 0.341300 ms CreateObjectMapping: 0.205300 ms MarkObjects: 8.289400 ms  DeleteObjects: 0.040400 ms)

========================================================================
Received Prepare
Registering precompiled user dll's ...
Registered in 0.007702 seconds.
Begin MonoManager ReloadAssembly
Native extension for WindowsStandalone target not found
Refreshing native plugins compatible for Editor in 1.05 ms, found 0 plugins.
Preloading 0 native plugins for Editor in 0.00 ms.
Mono: successfully reloaded assembly
- Completed reload, in  3.244 seconds
Platform modules already initialized, skipping
Refreshing native plugins compatible for Editor in 1.59 ms, found 0 plugins.
Preloading 0 native plugins for Editor in 0.00 ms.
Unloading 1821 Unused Serialized files (Serialized files now loaded: 0)
System memory in use before: 99.8 MB.
System memory in use after: 99.9 MB.

Unloading 44 unused Assets to reduce memory usage. Loaded Objects now: 2302.
Total: 11.430300 ms (FindLiveObjects: 0.185300 ms CreateObjectMapping: 0.089800 ms MarkObjects: 11.117700 ms  DeleteObjects: 0.035300 ms)

========================================================================
Received Import Request.
  Time since last request: 214.510518 seconds.
  path: Assets/SimpleApocalypse/FX/FX_BloodSplatter.prefab
  artifactKey: Guid(bb954c7832c9a9845b017b284d33fbc8) Importer(815301076,1909f56bfc062723c751e8b465ee728b)
Start importing Assets/SimpleApocalypse/FX/FX_BloodSplatter.prefab using Guid(bb954c7832c9a9845b017b284d33fbc8) Importer(815301076,1909f56bfc062723c751e8b465ee728b)  -> (artifact id: '361dc1a82bfddd8360d0b6358527da16') in 0.083155 seconds 
========================================================================
Received Import Request.
  Time since last request: 0.000338 seconds.
  path: Assets/SimpleApocalypse/FX/FX_DirtSplatter.prefab
  artifactKey: Guid(48a83667d6d13e14ab5bc0aefb0a6a07) Importer(815301076,1909f56bfc062723c751e8b465ee728b)
Start importing Assets/SimpleApocalypse/FX/FX_DirtSplatter.prefab using Guid(48a83667d6d13e14ab5bc0aefb0a6a07) Importer(815301076,1909f56bfc062723c751e8b465ee728b)  -> (artifact id: '2c807bd9b42cd4ba43ebb2b2b6333e95') in 0.032190 seconds 
========================================================================
Received Import Request.
  Time since last request: 0.000323 seconds.
  path: Assets/SimpleApocalypse/FX/FX_FlameThrower.prefab
  artifactKey: Guid(8c1f1e09e6c9ed947bdbd6914ae8f9bc) Importer(815301076,1909f56bfc062723c751e8b465ee728b)
Start importing Assets/SimpleApocalypse/FX/FX_FlameThrower.prefab using Guid(8c1f1e09e6c9ed947bdbd6914ae8f9bc) Importer(815301076,1909f56bfc062723c751e8b465ee728b)  -> (artifact id: 'e1a6c3ce7893f20373049bcd102d5be0') in 0.035846 seconds 
========================================================================
Received Import Request.
  Time since last request: 0.000311 seconds.
  path: Assets/SimpleApocalypse/FX/FX_TireSmoke.prefab
  artifactKey: Guid(13d4b1dc067a2604aa9b6be7401f0d5a) Importer(815301076,1909f56bfc062723c751e8b465ee728b)
Start importing Assets/SimpleApocalypse/FX/FX_TireSmoke.prefab using Guid(13d4b1dc067a2604aa9b6be7401f0d5a) Importer(815301076,1909f56bfc062723c751e8b465ee728b)  -> (artifact id: '03c9d94a87e7f16a4eee1ede821ec9e1') in 0.057279 seconds 
========================================================================
Received Import Request.
  Time since last request: 0.000319 seconds.
  path: Assets/SimpleApocalypse/FX/FX_Explosion_Rubble.prefab
  artifactKey: Guid(3ada67b7fad601e498038e8679ab5aac) Importer(815301076,1909f56bfc062723c751e8b465ee728b)
Start importing Assets/SimpleApocalypse/FX/FX_Explosion_Rubble.prefab using Guid(3ada67b7fad601e498038e8679ab5aac) Importer(815301076,1909f56bfc062723c751e8b465ee728b)  -> (artifact id: '94710166aa2a18c89a424ac66ea98da3') in 0.038376 seconds 
========================================================================
Received Import Request.
  Time since last request: 4.290382 seconds.
  path: Assets/SimpleApocalypse/Prefabs/Buildings/SA_Bld_Apartment_Damaged_01.prefab
  artifactKey: Guid(1eacf3747d9db964eb788cdc2597f94d) Importer(815301076,1909f56bfc062723c751e8b465ee728b)
Start importing Assets/SimpleApocalypse/Prefabs/Buildings/SA_Bld_Apartment_Damaged_01.prefab using Guid(1eacf3747d9db964eb788cdc2597f94d) Importer(815301076,1909f56bfc062723c751e8b465ee728b)  -> (artifact id: 'b7f515b1e7229a7e540e6cf3f6577cec') in 0.304323 seconds 
========================================================================
Received Import Request.
  Time since last request: 0.000337 seconds.
  path: Assets/SimpleApocalypse/Prefabs/Buildings/SA_Bld_AutoRepair_Damaged_01.prefab
  artifactKey: Guid(14087fbadf540834dbb3cae4389a4408) Importer(815301076,1909f56bfc062723c751e8b465ee728b)
Start importing Assets/SimpleApocalypse/Prefabs/Buildings/SA_Bld_AutoRepair_Damaged_01.prefab using Guid(14087fbadf540834dbb3cae4389a4408) Importer(815301076,1909f56bfc062723c751e8b465ee728b)  -> (artifact id: '14ad4ff616de09a6bce1c116dbe33f65') in 0.083050 seconds 
========================================================================
Received Import Request.
  Time since last request: 0.000328 seconds.
  path: Assets/SimpleApocalypse/Prefabs/Buildings/SA_Bld_BioTent_01.prefab
  artifactKey: Guid(bef7fa2184d91564b805bc0a43393a3d) Importer(815301076,1909f56bfc062723c751e8b465ee728b)
Start importing Assets/SimpleApocalypse/Prefabs/Buildings/SA_Bld_BioTent_01.prefab using Guid(bef7fa2184d91564b805bc0a43393a3d) Importer(815301076,1909f56bfc062723c751e8b465ee728b)  -> (artifact id: '643f4670c6dc3f5ee8ef27075add60cb') in 0.068450 seconds 
========================================================================
Received Import Request.
  Time since last request: 0.000412 seconds.
  path: Assets/SimpleApocalypse/Prefabs/Buildings/SA_Bld_Building_Damaged_01.prefab
  artifactKey: Guid(babb8c76344f6eb4eb04c2794b80804b) Importer(815301076,1909f56bfc062723c751e8b465ee728b)
Start importing Assets/SimpleApocalypse/Prefabs/Buildings/SA_Bld_Building_Damaged_01.prefab using Guid(babb8c76344f6eb4eb04c2794b80804b) Importer(815301076,1909f56bfc062723c751e8b465ee728b)  -> (artifact id: '2262327231a40de2efe3a99439b90433') in 0.094224 seconds 
========================================================================
Received Import Request.
  Time since last request: 0.000338 seconds.
  path: Assets/SimpleApocalypse/Prefabs/Buildings/SA_Bld_BioTentMedical_01.prefab
  artifactKey: Guid(bec2e4e95d04d23498ac2e2afd0c4aa0) Importer(815301076,1909f56bfc062723c751e8b465ee728b)
Start importing Assets/SimpleApocalypse/Prefabs/Buildings/SA_Bld_BioTentMedical_01.prefab using Guid(bec2e4e95d04d23498ac2e2afd0c4aa0) Importer(815301076,1909f56bfc062723c751e8b465ee728b)  -> (artifact id: '157ba20f48586f2f6a798d27f02a7465') in 0.062230 seconds 
========================================================================
Received Import Request.
  Time since last request: 1.887515 seconds.
  path: Assets/SimpleApocalypse/Prefabs/Environment/Cloud_01.prefab
  artifactKey: Guid(09062dc0008857b46aaacdb7206f1453) Importer(815301076,1909f56bfc062723c751e8b465ee728b)
Start importing Assets/SimpleApocalypse/Prefabs/Environment/Cloud_01.prefab using Guid(09062dc0008857b46aaacdb7206f1453) Importer(815301076,1909f56bfc062723c751e8b465ee728b)  -> (artifact id: 'fca08cf9a928fc5c7806db8d8690ee3b') in 0.346459 seconds 
========================================================================
Received Import Request.
  Time since last request: 0.000336 seconds.
  path: Assets/SimpleApocalypse/Prefabs/Environment/Cloud_02.prefab
  artifactKey: Guid(73ef0b63ffe19f94ab35e4475b345d70) Importer(815301076,1909f56bfc062723c751e8b465ee728b)
Start importing Assets/SimpleApocalypse/Prefabs/Environment/Cloud_02.prefab using Guid(73ef0b63ffe19f94ab35e4475b345d70) Importer(815301076,1909f56bfc062723c751e8b465ee728b)  -> (artifact id: '7d1fade56f1aa17e239d924072c03d29') in 0.142600 seconds 
========================================================================
Received Import Request.
  Time since last request: 0.000329 seconds.
  path: Assets/SimpleApocalypse/Prefabs/Environment/Cloud_05.prefab
  artifactKey: Guid(c37b1ccfbc7ed274eb99f9d40e72c4e6) Importer(815301076,1909f56bfc062723c751e8b465ee728b)
Start importing Assets/SimpleApocalypse/Prefabs/Environment/Cloud_05.prefab using Guid(c37b1ccfbc7ed274eb99f9d40e72c4e6) Importer(815301076,1909f56bfc062723c751e8b465ee728b)  -> (artifact id: '977e0eb72edd5ca493f0134d01a7d225') in 0.047129 seconds 
========================================================================
Received Import Request.
  Time since last request: 0.000336 seconds.
  path: Assets/SimpleApocalypse/Prefabs/Environment/Cloud_04.prefab
  artifactKey: Guid(420bde364644a314396dc8ed24ee99d6) Importer(815301076,1909f56bfc062723c751e8b465ee728b)
Start importing Assets/SimpleApocalypse/Prefabs/Environment/Cloud_04.prefab using Guid(420bde364644a314396dc8ed24ee99d6) Importer(815301076,1909f56bfc062723c751e8b465ee728b)  -> (artifact id: '8726939be46b1fa7c35fd4f5f98b7ce0') in 0.058145 seconds 
========================================================================
Received Import Request.
  Time since last request: 0.000310 seconds.
  path: Assets/SimpleApocalypse/Prefabs/Environment/Cloud_03.prefab
  artifactKey: Guid(2df72ec125264584faa40cb1beef0481) Importer(815301076,1909f56bfc062723c751e8b465ee728b)
Start importing Assets/SimpleApocalypse/Prefabs/Environment/Cloud_03.prefab using Guid(2df72ec125264584faa40cb1beef0481) Importer(815301076,1909f56bfc062723c751e8b465ee728b)  -> (artifact id: '9a26c9a744c42fd602f0c46dd6364495') in 0.052757 seconds 
========================================================================
Received Import Request.
  Time since last request: 3.136074 seconds.
  path: Assets/SimpleApocalypse/Prefabs/Characters/Characters/SA_Character_Biohazard.prefab
  artifactKey: Guid(970bf01606e0c194281edb901a23dd06) Importer(815301076,1909f56bfc062723c751e8b465ee728b)
Start importing Assets/SimpleApocalypse/Prefabs/Characters/Characters/SA_Character_Biohazard.prefab using Guid(970bf01606e0c194281edb901a23dd06) Importer(815301076,1909f56bfc062723c751e8b465ee728b)  -> (artifact id: '345bc4acbc5784d814cf9c892f71b818') in 0.771187 seconds 
========================================================================
Received Import Request.
  Time since last request: 0.000307 seconds.
  path: Assets/SimpleApocalypse/Prefabs/Characters/Zombies/SA_Zombie_Bellhop.prefab
  artifactKey: Guid(ea9791ddb8d44474bbcec609b9748edf) Importer(815301076,1909f56bfc062723c751e8b465ee728b)
Start importing Assets/SimpleApocalypse/Prefabs/Characters/Zombies/SA_Zombie_Bellhop.prefab using Guid(ea9791ddb8d44474bbcec609b9748edf) Importer(815301076,1909f56bfc062723c751e8b465ee728b)  -> (artifact id: '5cfbbef6048729e5bd07c5959bd7c5ac') in 0.216435 seconds 
========================================================================
Received Import Request.
  Time since last request: 0.000380 seconds.
  path: Assets/SimpleApocalypse/Prefabs/Characters/Zombies/SA_Zombie_AirportWorker.prefab
  artifactKey: Guid(3c30f5af21f2ba74eafc170b2b3df88d) Importer(815301076,1909f56bfc062723c751e8b465ee728b)
Start importing Assets/SimpleApocalypse/Prefabs/Characters/Zombies/SA_Zombie_AirportWorker.prefab using Guid(3c30f5af21f2ba74eafc170b2b3df88d) Importer(815301076,1909f56bfc062723c751e8b465ee728b)  -> (artifact id: '625f06587e3977f6ee88d3af3239dfe3') in 0.123534 seconds 
========================================================================
Received Import Request.
  Time since last request: 0.000307 seconds.
  path: Assets/SimpleApocalypse/Prefabs/Characters/Characters/SA_Character_FarmerSurvivor.prefab
  artifactKey: Guid(a23df827e2c28b044a18d385b58ce3f7) Importer(815301076,1909f56bfc062723c751e8b465ee728b)
Start importing Assets/SimpleApocalypse/Prefabs/Characters/Characters/SA_Character_FarmerSurvivor.prefab using Guid(a23df827e2c28b044a18d385b58ce3f7) Importer(815301076,1909f56bfc062723c751e8b465ee728b)  -> (artifact id: 'f1cfed2f78ad133f30f217ce71dabe2b') in 0.195483 seconds 
========================================================================
Received Import Request.
  Time since last request: 0.000340 seconds.
  path: Assets/SimpleApocalypse/Prefabs/Characters/Characters/SA_Character_Doctor.prefab
  artifactKey: Guid(ba339b8abf10f314e9abfaa02daf88e3) Importer(815301076,1909f56bfc062723c751e8b465ee728b)
Start importing Assets/SimpleApocalypse/Prefabs/Characters/Characters/SA_Character_Doctor.prefab using Guid(ba339b8abf10f314e9abfaa02daf88e3) Importer(815301076,1909f56bfc062723c751e8b465ee728b)  -> (artifact id: '0691fc203e39318796563cb70e800c0b') in 0.176851 seconds 
========================================================================
Received Import Request.
  Time since last request: 0.000364 seconds.
  path: Assets/SimpleApocalypse/Prefabs/Characters/Characters/SA_Character_FemaleHero.prefab
  artifactKey: Guid(98d522d6d2f0fd04dbb64cd2239b734a) Importer(815301076,1909f56bfc062723c751e8b465ee728b)
Start importing Assets/SimpleApocalypse/Prefabs/Characters/Characters/SA_Character_FemaleHero.prefab using Guid(98d522d6d2f0fd04dbb64cd2239b734a) Importer(815301076,1909f56bfc062723c751e8b465ee728b)  -> (artifact id: 'dbf7c2e80da07819ff6366d692941a01') in 0.177322 seconds 
========================================================================
Received Import Request.
  Time since last request: 0.000369 seconds.
  path: Assets/SimpleApocalypse/Prefabs/Characters/Zombies/SA_Zombie_AirportSecurity.prefab
  artifactKey: Guid(042872c1bba04d84eb9f9e686d669877) Importer(815301076,1909f56bfc062723c751e8b465ee728b)
Start importing Assets/SimpleApocalypse/Prefabs/Characters/Zombies/SA_Zombie_AirportSecurity.prefab using Guid(042872c1bba04d84eb9f9e686d669877) Importer(815301076,1909f56bfc062723c751e8b465ee728b)  -> (artifact id: '929c8ec8c1890da05af9cd52c862dd55') in 0.097307 seconds 
========================================================================
Received Import Request.
  Time since last request: 0.000353 seconds.
  path: Assets/SimpleApocalypse/Prefabs/Characters/Zombies/SA_Zombie_Businessman.prefab
  artifactKey: Guid(ffd8d0a68e87f5640819a89549abfb79) Importer(815301076,1909f56bfc062723c751e8b465ee728b)
Start importing Assets/SimpleApocalypse/Prefabs/Characters/Zombies/SA_Zombie_Businessman.prefab using Guid(ffd8d0a68e87f5640819a89549abfb79) Importer(815301076,1909f56bfc062723c751e8b465ee728b)  -> (artifact id: 'a94340285c8eb598d0ee093128c73eab') in 0.101539 seconds 
========================================================================
Received Import Request.
  Time since last request: 0.000297 seconds.
  path: Assets/SimpleApocalypse/Prefabs/Characters/Characters/SA_Character_BusinessSurvivor.prefab
  artifactKey: Guid(80cf54b3b2c8e7e43a80c62f98a0fefe) Importer(815301076,1909f56bfc062723c751e8b465ee728b)
Start importing Assets/SimpleApocalypse/Prefabs/Characters/Characters/SA_Character_BusinessSurvivor.prefab using Guid(80cf54b3b2c8e7e43a80c62f98a0fefe) Importer(815301076,1909f56bfc062723c751e8b465ee728b)  -> (artifact id: '8a75fdf47a04d2708e8fdd93dd3a8b0f') in 0.186163 seconds 
========================================================================
Received Import Request.
  Time since last request: 0.000374 seconds.
  path: Assets/SimpleApocalypse/Prefabs/Characters/Zombies/SA_Zombie_Cheerleader.prefab
  artifactKey: Guid(4502d6ca501d94b47aec5f55c8697011) Importer(815301076,1909f56bfc062723c751e8b465ee728b)
Start importing Assets/SimpleApocalypse/Prefabs/Characters/Zombies/SA_Zombie_Cheerleader.prefab using Guid(4502d6ca501d94b47aec5f55c8697011) Importer(815301076,1909f56bfc062723c751e8b465ee728b)  -> (artifact id: '9679cbe064d3d4b919c0f9f26ac363e8') in 0.187580 seconds 
========================================================================
Received Prepare
Registering precompiled user dll's ...
Registered in 0.004350 seconds.
Begin MonoManager ReloadAssembly
Native extension for WindowsStandalone target not found
Refreshing native plugins compatible for Editor in 1.15 ms, found 0 plugins.
Preloading 0 native plugins for Editor in 0.00 ms.
Mono: successfully reloaded assembly
- Completed reload, in  1.530 seconds
Platform modules already initialized, skipping
Refreshing native plugins compatible for Editor in 1.03 ms, found 0 plugins.
Preloading 0 native plugins for Editor in 0.00 ms.
Unloading 1821 Unused Serialized files (Serialized files now loaded: 0)
System memory in use before: 100.9 MB.
System memory in use after: 101.0 MB.

Unloading 44 unused Assets to reduce memory usage. Loaded Objects now: 2307.
Total: 7.782800 ms (FindLiveObjects: 0.189700 ms CreateObjectMapping: 0.099400 ms MarkObjects: 7.442400 ms  DeleteObjects: 0.048700 ms)

========================================================================
Received Import Request.
  Time since last request: 79.027357 seconds.
  path: Assets/SimpleApocalypse/Prefabs/Characters/Zombies/SA_Zombie_AirportSecurity.prefab
  artifactKey: Guid(042872c1bba04d84eb9f9e686d669877) Importer(815301076,1909f56bfc062723c751e8b465ee728b)
Start importing Assets/SimpleApocalypse/Prefabs/Characters/Zombies/SA_Zombie_AirportSecurity.prefab using Guid(042872c1bba04d84eb9f9e686d669877) Importer(815301076,1909f56bfc062723c751e8b465ee728b)  -> (artifact id: '10b46978eea568aee41138b3b3f452e1') in 0.116644 seconds 
========================================================================
Received Import Request.
  Time since last request: 2.129181 seconds.
  path: Assets/SimpleApocalypse/Prefabs/Characters/Zombies/SA_Zombie_AirportSecurity.prefab
  artifactKey: Guid(042872c1bba04d84eb9f9e686d669877) Importer(815301076,1909f56bfc062723c751e8b465ee728b)
Start importing Assets/SimpleApocalypse/Prefabs/Characters/Zombies/SA_Zombie_AirportSecurity.prefab using Guid(042872c1bba04d84eb9f9e686d669877) Importer(815301076,1909f56bfc062723c751e8b465ee728b)  -> (artifact id: 'a98c23cf637661b1b92656d67d803b38') in 0.048910 seconds 
========================================================================
Received Import Request.
  Time since last request: 20.588704 seconds.
  path: Assets/SimpleApocalypse/Prefabs/Characters/Zombies/SA_Zombie_Clown.prefab
  artifactKey: Guid(f388b7171e9ede04f99aec418f5411d2) Importer(815301076,1909f56bfc062723c751e8b465ee728b)
Start importing Assets/SimpleApocalypse/Prefabs/Characters/Zombies/SA_Zombie_Clown.prefab using Guid(f388b7171e9ede04f99aec418f5411d2) Importer(815301076,1909f56bfc062723c751e8b465ee728b)  -> (artifact id: '9de836e6a49541bc205c0284dddc5326') in 0.137166 seconds 
========================================================================
Received Import Request.
  Time since last request: 0.444534 seconds.
  path: Assets/SimpleApocalypse/Prefabs/Characters/Zombies/SA_Zombie_Farmer.prefab
  artifactKey: Guid(4b567cfc65370f04fbceead813c886d6) Importer(815301076,1909f56bfc062723c751e8b465ee728b)
Start importing Assets/SimpleApocalypse/Prefabs/Characters/Zombies/SA_Zombie_Farmer.prefab using Guid(4b567cfc65370f04fbceead813c886d6) Importer(815301076,1909f56bfc062723c751e8b465ee728b)  -> (artifact id: '871e72997a5e72a440f1a25b3a9b5d7c') in 0.182285 seconds 
========================================================================
Received Import Request.
  Time since last request: 0.201247 seconds.
  path: Assets/SimpleApocalypse/Prefabs/Characters/Zombies/SA_Zombie_FarmersDaughter.prefab
  artifactKey: Guid(94a1f41d699408c4b89c5dd302ad12ea) Importer(815301076,1909f56bfc062723c751e8b465ee728b)
Start importing Assets/SimpleApocalypse/Prefabs/Characters/Zombies/SA_Zombie_FarmersDaughter.prefab using Guid(94a1f41d699408c4b89c5dd302ad12ea) Importer(815301076,1909f56bfc062723c751e8b465ee728b)  -> (artifact id: '8d047df426c0b58f88eff3ea73fafe61') in 0.170926 seconds 
========================================================================
Received Import Request.
  Time since last request: 0.000370 seconds.
  path: Assets/SimpleApocalypse/Prefabs/Characters/Zombies/SA_Zombie_FootballPlayer.prefab
  artifactKey: Guid(87e8f7080f063734abc6a8369a1ff993) Importer(815301076,1909f56bfc062723c751e8b465ee728b)
Start importing Assets/SimpleApocalypse/Prefabs/Characters/Zombies/SA_Zombie_FootballPlayer.prefab using Guid(87e8f7080f063734abc6a8369a1ff993) Importer(815301076,1909f56bfc062723c751e8b465ee728b)  -> (artifact id: 'e1c0a56ccc31e4f3888b8c3b412c1ea3') in 0.094992 seconds 
========================================================================
Received Import Request.
  Time since last request: 0.000358 seconds.
  path: Assets/SimpleApocalypse/Prefabs/Characters/Zombies/SA_Zombie_Firefighter.prefab
  artifactKey: Guid(6c48ed3b2c64908448212ef062aace3e) Importer(815301076,1909f56bfc062723c751e8b465ee728b)
Start importing Assets/SimpleApocalypse/Prefabs/Characters/Zombies/SA_Zombie_Firefighter.prefab using Guid(6c48ed3b2c64908448212ef062aace3e) Importer(815301076,1909f56bfc062723c751e8b465ee728b)  -> (artifact id: '296e207cf9f956a6057ba092fd774714') in 0.085426 seconds 
========================================================================
Received Import Request.
  Time since last request: 0.000324 seconds.
  path: Assets/SimpleApocalypse/Prefabs/Characters/Zombies/SA_Zombie_Grandma.prefab
  artifactKey: Guid(6b616d5eee8e5bf4abc92b3d1fff00bf) Importer(815301076,1909f56bfc062723c751e8b465ee728b)
Start importing Assets/SimpleApocalypse/Prefabs/Characters/Zombies/SA_Zombie_Grandma.prefab using Guid(6b616d5eee8e5bf4abc92b3d1fff00bf) Importer(815301076,1909f56bfc062723c751e8b465ee728b)  -> (artifact id: '90580b7b5a76e238104783644eca959a') in 0.126363 seconds 
========================================================================
Received Import Request.
  Time since last request: 0.000396 seconds.
  path: Assets/SimpleApocalypse/Prefabs/Characters/Zombies/SA_Zombie_Industrial.prefab
  artifactKey: Guid(eff2b11c7f07f0647942c29a970c06a9) Importer(815301076,1909f56bfc062723c751e8b465ee728b)
Start importing Assets/SimpleApocalypse/Prefabs/Characters/Zombies/SA_Zombie_Industrial.prefab using Guid(eff2b11c7f07f0647942c29a970c06a9) Importer(815301076,1909f56bfc062723c751e8b465ee728b)  -> (artifact id: '2d8ed0264bcd9c765f75c5d335c86e7e') in 0.129486 seconds 
========================================================================
Received Import Request.
  Time since last request: 0.000367 seconds.
  path: Assets/SimpleApocalypse/Prefabs/Characters/Zombies/SA_Zombie_Mechanic.prefab
  artifactKey: Guid(f47fae03f2aefa243a408ff3ac3fcdc3) Importer(815301076,1909f56bfc062723c751e8b465ee728b)
Start importing Assets/SimpleApocalypse/Prefabs/Characters/Zombies/SA_Zombie_Mechanic.prefab using Guid(f47fae03f2aefa243a408ff3ac3fcdc3) Importer(815301076,1909f56bfc062723c751e8b465ee728b)  -> (artifact id: '05651696377120b4869c1e3e02fdf2c8') in 0.075906 seconds 
========================================================================
Received Import Request.
  Time since last request: 0.000395 seconds.
  path: Assets/SimpleApocalypse/Prefabs/Characters/Zombies/SA_Zombie_Hobo.prefab
  artifactKey: Guid(1e2e55f2b72bd944baa992df728abe80) Importer(815301076,1909f56bfc062723c751e8b465ee728b)
Start importing Assets/SimpleApocalypse/Prefabs/Characters/Zombies/SA_Zombie_Hobo.prefab using Guid(1e2e55f2b72bd944baa992df728abe80) Importer(815301076,1909f56bfc062723c751e8b465ee728b)  -> (artifact id: 'e6b92a4a2fbdb4b43f120de95f01d54b') in 0.087444 seconds 
========================================================================
Received Import Request.
  Time since last request: 0.000283 seconds.
  path: Assets/SimpleApocalypse/Prefabs/Characters/Zombies/SA_Zombie_Pilot.prefab
  artifactKey: Guid(b0db85a3948205d47baea4b77656fb11) Importer(815301076,1909f56bfc062723c751e8b465ee728b)
Start importing Assets/SimpleApocalypse/Prefabs/Characters/Zombies/SA_Zombie_Pilot.prefab using Guid(b0db85a3948205d47baea4b77656fb11) Importer(815301076,1909f56bfc062723c751e8b465ee728b)  -> (artifact id: '09b6e95f58f36683944090250f707739') in 0.127565 seconds 
========================================================================
Received Import Request.
  Time since last request: 0.000269 seconds.
  path: Assets/SimpleApocalypse/Prefabs/Characters/Zombies/SA_Zombie_Pimp.prefab
  artifactKey: Guid(aea60f95e48ea874da1cd93b8e9b4db5) Importer(815301076,1909f56bfc062723c751e8b465ee728b)
Start importing Assets/SimpleApocalypse/Prefabs/Characters/Zombies/SA_Zombie_Pimp.prefab using Guid(aea60f95e48ea874da1cd93b8e9b4db5) Importer(815301076,1909f56bfc062723c751e8b465ee728b)  -> (artifact id: '82a9861ce8c605eb8fa45785ecd871b4') in 0.086854 seconds 
========================================================================
Received Import Request.
  Time since last request: 0.000330 seconds.
  path: Assets/SimpleApocalypse/Prefabs/Characters/Zombies/SA_Zombie_Mountie.prefab
  artifactKey: Guid(ce30757dc561ff843b915619973f7f78) Importer(815301076,1909f56bfc062723c751e8b465ee728b)
Start importing Assets/SimpleApocalypse/Prefabs/Characters/Zombies/SA_Zombie_Mountie.prefab using Guid(ce30757dc561ff843b915619973f7f78) Importer(815301076,1909f56bfc062723c751e8b465ee728b)  -> (artifact id: '51be76b25ed5c6bef09c9d330ce33a6e') in 0.083586 seconds 
========================================================================
Received Import Request.
  Time since last request: 0.394978 seconds.
  path: Assets/SimpleApocalypse/Prefabs/Characters/Zombies/SA_Zombie_Prisoner.prefab
  artifactKey: Guid(366bb547ba7bba243addbcf5bea7e9fe) Importer(815301076,1909f56bfc062723c751e8b465ee728b)
Start importing Assets/SimpleApocalypse/Prefabs/Characters/Zombies/SA_Zombie_Prisoner.prefab using Guid(366bb547ba7bba243addbcf5bea7e9fe) Importer(815301076,1909f56bfc062723c751e8b465ee728b)  -> (artifact id: 'a89053c827ec362dacc13a909ea439bf') in 0.149585 seconds 
========================================================================
Received Import Request.
  Time since last request: 0.000338 seconds.
  path: Assets/SimpleApocalypse/Prefabs/Characters/Zombies/SA_Zombie_Prostitute.prefab
  artifactKey: Guid(0e04ae10af860dc46abd93e450a1472b) Importer(815301076,1909f56bfc062723c751e8b465ee728b)
Start importing Assets/SimpleApocalypse/Prefabs/Characters/Zombies/SA_Zombie_Prostitute.prefab using Guid(0e04ae10af860dc46abd93e450a1472b) Importer(815301076,1909f56bfc062723c751e8b465ee728b)  -> (artifact id: 'a9b08a57b99c377a5a36c7f96e114a4c') in 0.088658 seconds 
========================================================================
Received Import Request.
  Time since last request: 0.206055 seconds.
  path: Assets/SimpleApocalypse/Prefabs/Characters/Zombies/SA_Zombie_RoadWorker.prefab
  artifactKey: Guid(4c55634be023e4d40ba3a85407347daf) Importer(815301076,1909f56bfc062723c751e8b465ee728b)
Start importing Assets/SimpleApocalypse/Prefabs/Characters/Zombies/SA_Zombie_RoadWorker.prefab using Guid(4c55634be023e4d40ba3a85407347daf) Importer(815301076,1909f56bfc062723c751e8b465ee728b)  -> (artifact id: '9ea3d7878c25daa3428ee16e6a55e552') in 0.176759 seconds 
========================================================================
Received Import Request.
  Time since last request: 0.098430 seconds.
  path: Assets/SimpleApocalypse/Prefabs/Characters/Zombies/SA_Zombie_Robber.prefab
  artifactKey: Guid(d3c324f7d1cc64045ab231e0e0c0e9f7) Importer(815301076,1909f56bfc062723c751e8b465ee728b)
Start importing Assets/SimpleApocalypse/Prefabs/Characters/Zombies/SA_Zombie_Robber.prefab using Guid(d3c324f7d1cc64045ab231e0e0c0e9f7) Importer(815301076,1909f56bfc062723c751e8b465ee728b)  -> (artifact id: 'd4d75cae2e28a7a2c06c3f5154b2cba4') in 0.123025 seconds 
========================================================================
Received Import Request.
  Time since last request: 0.000372 seconds.
  path: Assets/SimpleApocalypse/Prefabs/Characters/Zombies/SA_Zombie_Runner.prefab
  artifactKey: Guid(1e56599280e0eff43b580ef5c7e3dec2) Importer(815301076,1909f56bfc062723c751e8b465ee728b)
Start importing Assets/SimpleApocalypse/Prefabs/Characters/Zombies/SA_Zombie_Runner.prefab using Guid(1e56599280e0eff43b580ef5c7e3dec2) Importer(815301076,1909f56bfc062723c751e8b465ee728b)  -> (artifact id: 'ed36db671bac96f1fb87f51f8e919a73') in 0.116062 seconds 
========================================================================
Received Import Request.
  Time since last request: 0.000274 seconds.
  path: Assets/SimpleApocalypse/Prefabs/Characters/Zombies/SA_Zombie_Santa.prefab
  artifactKey: Guid(86fad03278650744eaecbe900ae34d6d) Importer(815301076,1909f56bfc062723c751e8b465ee728b)
Start importing Assets/SimpleApocalypse/Prefabs/Characters/Zombies/SA_Zombie_Santa.prefab using Guid(86fad03278650744eaecbe900ae34d6d) Importer(815301076,1909f56bfc062723c751e8b465ee728b)  -> (artifact id: 'c8aeb2166925f69f4faa5be31fdf81c1') in 0.135452 seconds 
========================================================================
Received Import Request.
  Time since last request: 0.000298 seconds.
  path: Assets/SimpleApocalypse/Prefabs/Characters/Zombies/SA_Zombie_Shopkeeper.prefab
  artifactKey: Guid(7822b01f89476d846847d47f7c45f689) Importer(815301076,1909f56bfc062723c751e8b465ee728b)
Start importing Assets/SimpleApocalypse/Prefabs/Characters/Zombies/SA_Zombie_Shopkeeper.prefab using Guid(7822b01f89476d846847d47f7c45f689) Importer(815301076,1909f56bfc062723c751e8b465ee728b)  -> (artifact id: 'f2a991ed34ea9fb4678aea2ff7fdfacc') in 0.133964 seconds 
========================================================================
Received Import Request.
  Time since last request: 0.000348 seconds.
  path: Assets/SimpleApocalypse/Prefabs/Characters/Zombies/SA_Zombie_Soldier.prefab
  artifactKey: Guid(33fe945564a51f64f8d6ea8f0c2e8be9) Importer(815301076,1909f56bfc062723c751e8b465ee728b)
Start importing Assets/SimpleApocalypse/Prefabs/Characters/Zombies/SA_Zombie_Soldier.prefab using Guid(33fe945564a51f64f8d6ea8f0c2e8be9) Importer(815301076,1909f56bfc062723c751e8b465ee728b)  -> (artifact id: '1cb65adcb8b2f1c2aedc0ac440d5d17c') in 0.104032 seconds 
========================================================================
Received Import Request.
  Time since last request: 0.000409 seconds.
  path: Assets/SimpleApocalypse/Prefabs/Characters/Zombies/SA_Zombie_Streetman.prefab
  artifactKey: Guid(9172b776598ca90448277d43a7b00e08) Importer(815301076,1909f56bfc062723c751e8b465ee728b)
Start importing Assets/SimpleApocalypse/Prefabs/Characters/Zombies/SA_Zombie_Streetman.prefab using Guid(9172b776598ca90448277d43a7b00e08) Importer(815301076,1909f56bfc062723c751e8b465ee728b)  -> (artifact id: 'e8c710c4751cf34b06f595f589fee079') in 0.088811 seconds 
========================================================================
Received Import Request.
  Time since last request: 0.317015 seconds.
  path: Assets/SimpleApocalypse/Prefabs/Characters/Zombies/SA_Zombie_Tourist.prefab
  artifactKey: Guid(02fa487f63c3989429418e446c705207) Importer(815301076,1909f56bfc062723c751e8b465ee728b)
Start importing Assets/SimpleApocalypse/Prefabs/Characters/Zombies/SA_Zombie_Tourist.prefab using Guid(02fa487f63c3989429418e446c705207) Importer(815301076,1909f56bfc062723c751e8b465ee728b)  -> (artifact id: '039c2aa51ad100cfb139b630ec0a28c6') in 0.170227 seconds 
========================================================================
Received Import Request.
  Time since last request: 0.000320 seconds.
  path: Assets/SimpleApocalypse/Prefabs/Characters/Zombies/SA_Zombie_Trucker.prefab
  artifactKey: Guid(433545daff80fe347a73cc1fd76ebeee) Importer(815301076,1909f56bfc062723c751e8b465ee728b)
Start importing Assets/SimpleApocalypse/Prefabs/Characters/Zombies/SA_Zombie_Trucker.prefab using Guid(433545daff80fe347a73cc1fd76ebeee) Importer(815301076,1909f56bfc062723c751e8b465ee728b)  -> (artifact id: 'c3979c4d724ae8a062fdde58f1dc6f55') in 0.081269 seconds 
========================================================================
Received Prepare
Registering precompiled user dll's ...
Registered in 0.003861 seconds.
Begin MonoManager ReloadAssembly
Native extension for WindowsStandalone target not found
Refreshing native plugins compatible for Editor in 1.10 ms, found 0 plugins.
Preloading 0 native plugins for Editor in 0.00 ms.
Mono: successfully reloaded assembly
- Completed reload, in  1.653 seconds
Platform modules already initialized, skipping
Refreshing native plugins compatible for Editor in 1.03 ms, found 0 plugins.
Preloading 0 native plugins for Editor in 0.00 ms.
Unloading 1821 Unused Serialized files (Serialized files now loaded: 0)
System memory in use before: 101.3 MB.
System memory in use after: 101.4 MB.

Unloading 44 unused Assets to reduce memory usage. Loaded Objects now: 2311.
Total: 8.720700 ms (FindLiveObjects: 0.263300 ms CreateObjectMapping: 0.091700 ms MarkObjects: 8.319100 ms  DeleteObjects: 0.044800 ms)

========================================================================
Received Prepare
Registering precompiled user dll's ...
Registered in 0.006607 seconds.
Begin MonoManager ReloadAssembly
Native extension for WindowsStandalone target not found
Refreshing native plugins compatible for Editor in 2.64 ms, found 0 plugins.
Preloading 0 native plugins for Editor in 0.00 ms.
Mono: successfully reloaded assembly
- Completed reload, in  3.155 seconds
Platform modules already initialized, skipping
Refreshing native plugins compatible for Editor in 2.91 ms, found 0 plugins.
Preloading 0 native plugins for Editor in 0.00 ms.
Unloading 1821 Unused Serialized files (Serialized files now loaded: 0)
System memory in use before: 101.3 MB.
System memory in use after: 101.4 MB.

Unloading 44 unused Assets to reduce memory usage. Loaded Objects now: 2314.
Total: 46.857500 ms (FindLiveObjects: 0.379400 ms CreateObjectMapping: 0.131800 ms MarkObjects: 43.422600 ms  DeleteObjects: 2.920000 ms)

========================================================================
Received Import Request.
  Time since last request: 1640.315881 seconds.
  path: Assets/SimpleApocalypse/Prefabs/Characters/Zombies/SA_Zombie_AirportSecurity.prefab
  artifactKey: Guid(042872c1bba04d84eb9f9e686d669877) Importer(815301076,1909f56bfc062723c751e8b465ee728b)
Start importing Assets/SimpleApocalypse/Prefabs/Characters/Zombies/SA_Zombie_AirportSecurity.prefab using Guid(042872c1bba04d84eb9f9e686d669877) Importer(815301076,1909f56bfc062723c751e8b465ee728b)  -> (artifact id: 'f4be3f3cf759baf4eacba0b26e7d7ff6') in 0.166010 seconds 
========================================================================
Received Prepare
Registering precompiled user dll's ...
Registered in 0.003824 seconds.
Begin MonoManager ReloadAssembly
Native extension for WindowsStandalone target not found
Refreshing native plugins compatible for Editor in 1.01 ms, found 0 plugins.
Preloading 0 native plugins for Editor in 0.00 ms.
Mono: successfully reloaded assembly
- Completed reload, in  1.535 seconds
Platform modules already initialized, skipping
Refreshing native plugins compatible for Editor in 1.05 ms, found 0 plugins.
Preloading 0 native plugins for Editor in 0.00 ms.
Unloading 1821 Unused Serialized files (Serialized files now loaded: 0)
System memory in use before: 101.3 MB.
System memory in use after: 101.4 MB.

Unloading 44 unused Assets to reduce memory usage. Loaded Objects now: 2318.
Total: 7.572900 ms (FindLiveObjects: 0.173500 ms CreateObjectMapping: 0.078000 ms MarkObjects: 7.272200 ms  DeleteObjects: 0.047000 ms)

========================================================================
Received Import Request.
  Time since last request: 150.590547 seconds.
  path: Assets/SimpleApocalypse/Prefabs/Buildings/SA_Bld_Building_Damaged_02.prefab
  artifactKey: Guid(21fa6ed1493697f469076ac853937f59) Importer(815301076,1909f56bfc062723c751e8b465ee728b)
Start importing Assets/SimpleApocalypse/Prefabs/Buildings/SA_Bld_Building_Damaged_02.prefab using Guid(21fa6ed1493697f469076ac853937f59) Importer(815301076,1909f56bfc062723c751e8b465ee728b)  -> (artifact id: '16a40c7c083d3baf7a63c3aa934a065b') in 0.933514 seconds 
========================================================================
Received Import Request.
  Time since last request: 0.000299 seconds.
  path: Assets/SimpleApocalypse/Prefabs/Buildings/SA_Bld_BurntHouse_01.prefab
  artifactKey: Guid(09cf3839fcde2f64fa16fc1709da1299) Importer(815301076,1909f56bfc062723c751e8b465ee728b)
Start importing Assets/SimpleApocalypse/Prefabs/Buildings/SA_Bld_BurntHouse_01.prefab using Guid(09cf3839fcde2f64fa16fc1709da1299) Importer(815301076,1909f56bfc062723c751e8b465ee728b)  -> (artifact id: '33ce3e3c2308c9cd141ee06015ef0784') in 0.206489 seconds 
========================================================================
Received Import Request.
  Time since last request: 0.000659 seconds.
  path: Assets/SimpleApocalypse/Prefabs/Buildings/SA_Bld_Building_Damaged_03.prefab
  artifactKey: Guid(e07c1d7fc12a285428672aed866345c2) Importer(815301076,1909f56bfc062723c751e8b465ee728b)
Start importing Assets/SimpleApocalypse/Prefabs/Buildings/SA_Bld_Building_Damaged_03.prefab using Guid(e07c1d7fc12a285428672aed866345c2) Importer(815301076,1909f56bfc062723c751e8b465ee728b)  -> (artifact id: '9ee2a22b158ab0b782c64428ddf90d5a') in 0.068837 seconds 
========================================================================
Received Import Request.
  Time since last request: 0.000330 seconds.
  path: Assets/SimpleApocalypse/Prefabs/Buildings/SA_Bld_Bunker.prefab
  artifactKey: Guid(f43c85f2e7ce6e34db8bd00df599f489) Importer(815301076,1909f56bfc062723c751e8b465ee728b)
Start importing Assets/SimpleApocalypse/Prefabs/Buildings/SA_Bld_Bunker.prefab using Guid(f43c85f2e7ce6e34db8bd00df599f489) Importer(815301076,1909f56bfc062723c751e8b465ee728b)  -> (artifact id: '4dee701f7547634af1525e4057467579') in 0.060207 seconds 
========================================================================
Received Import Request.
  Time since last request: 15.216988 seconds.
  path: Assets/Standard Assets/Characters/ThirdPersonCharacter/Prefabs/AIThirdPersonController.prefab
  artifactKey: Guid(54eb5844754051b40a918a84c33b7c1a) Importer(815301076,1909f56bfc062723c751e8b465ee728b)
Start importing Assets/Standard Assets/Characters/ThirdPersonCharacter/Prefabs/AIThirdPersonController.prefab using Guid(54eb5844754051b40a918a84c33b7c1a) Importer(815301076,1909f56bfc062723c751e8b465ee728b)  -> (artifact id: '6785e5c66995366ea6dbb0a18ad42d89') in 0.163608 seconds 
========================================================================
Received Prepare
Registering precompiled user dll's ...
Registered in 0.005652 seconds.
Begin MonoManager ReloadAssembly
Native extension for WindowsStandalone target not found
Refreshing native plugins compatible for Editor in 1.10 ms, found 0 plugins.
Preloading 0 native plugins for Editor in 0.00 ms.
Mono: successfully reloaded assembly
- Completed reload, in  1.643 seconds
Platform modules already initialized, skipping
Refreshing native plugins compatible for Editor in 1.02 ms, found 0 plugins.
Preloading 0 native plugins for Editor in 0.00 ms.
Unloading 1821 Unused Serialized files (Serialized files now loaded: 0)
System memory in use before: 101.3 MB.
System memory in use after: 101.5 MB.

Unloading 44 unused Assets to reduce memory usage. Loaded Objects now: 2322.
Total: 8.097300 ms (FindLiveObjects: 0.191600 ms CreateObjectMapping: 0.074900 ms MarkObjects: 7.784800 ms  DeleteObjects: 0.044000 ms)

========================================================================
Received Prepare
Registering precompiled user dll's ...
Registered in 0.003821 seconds.
Begin MonoManager ReloadAssembly
Native extension for WindowsStandalone target not found
Refreshing native plugins compatible for Editor in 1.04 ms, found 0 plugins.
Preloading 0 native plugins for Editor in 0.00 ms.
Mono: successfully reloaded assembly
- Completed reload, in  1.687 seconds
Platform modules already initialized, skipping
Refreshing native plugins compatible for Editor in 1.05 ms, found 0 plugins.
Preloading 0 native plugins for Editor in 0.00 ms.
Unloading 1821 Unused Serialized files (Serialized files now loaded: 0)
System memory in use before: 101.3 MB.
System memory in use after: 101.5 MB.

Unloading 44 unused Assets to reduce memory usage. Loaded Objects now: 2325.
Total: 7.788300 ms (FindLiveObjects: 0.306600 ms CreateObjectMapping: 0.141900 ms MarkObjects: 7.293500 ms  DeleteObjects: 0.044300 ms)

========================================================================
Received Prepare
Registering precompiled user dll's ...
Registered in 0.006371 seconds.
Begin MonoManager ReloadAssembly
Native extension for WindowsStandalone target not found
Refreshing native plugins compatible for Editor in 1.93 ms, found 0 plugins.
Preloading 0 native plugins for Editor in 0.00 ms.
Mono: successfully reloaded assembly
- Completed reload, in  2.450 seconds
Platform modules already initialized, skipping
Refreshing native plugins compatible for Editor in 1.04 ms, found 0 plugins.
Preloading 0 native plugins for Editor in 0.00 ms.
Unloading 1821 Unused Serialized files (Serialized files now loaded: 0)
System memory in use before: 101.4 MB.
System memory in use after: 101.5 MB.

Unloading 44 unused Assets to reduce memory usage. Loaded Objects now: 2328.
Total: 7.438600 ms (FindLiveObjects: 0.182800 ms CreateObjectMapping: 0.078900 ms MarkObjects: 7.142200 ms  DeleteObjects: 0.032900 ms)

========================================================================
Received Prepare
Registering precompiled user dll's ...
Registered in 0.005925 seconds.
Begin MonoManager ReloadAssembly
Native extension for WindowsStandalone target not found
Refreshing native plugins compatible for Editor in 1.02 ms, found 0 plugins.
Preloading 0 native plugins for Editor in 0.00 ms.
Mono: successfully reloaded assembly
- Completed reload, in  1.622 seconds
Platform modules already initialized, skipping
Refreshing native plugins compatible for Editor in 1.30 ms, found 0 plugins.
Preloading 0 native plugins for Editor in 0.00 ms.
Unloading 1821 Unused Serialized files (Serialized files now loaded: 0)
System memory in use before: 101.4 MB.
System memory in use after: 101.5 MB.

Unloading 44 unused Assets to reduce memory usage. Loaded Objects now: 2331.
Total: 9.091100 ms (FindLiveObjects: 0.196500 ms CreateObjectMapping: 0.080900 ms MarkObjects: 8.766500 ms  DeleteObjects: 0.045200 ms)

========================================================================
Received Prepare
Registering precompiled user dll's ...
Registered in 0.013117 seconds.
Begin MonoManager ReloadAssembly
Native extension for WindowsStandalone target not found
Refreshing native plugins compatible for Editor in 1.17 ms, found 0 plugins.
Preloading 0 native plugins for Editor in 0.00 ms.
Mono: successfully reloaded assembly
- Completed reload, in  1.522 seconds
Platform modules already initialized, skipping
Refreshing native plugins compatible for Editor in 1.03 ms, found 0 plugins.
Preloading 0 native plugins for Editor in 0.00 ms.
Unloading 1821 Unused Serialized files (Serialized files now loaded: 0)
System memory in use before: 101.4 MB.
System memory in use after: 101.5 MB.

Unloading 44 unused Assets to reduce memory usage. Loaded Objects now: 2334.
Total: 10.515100 ms (FindLiveObjects: 0.326800 ms CreateObjectMapping: 0.208500 ms MarkObjects: 9.928700 ms  DeleteObjects: 0.048200 ms)

========================================================================
Received Import Request.
  Time since last request: 778.517723 seconds.
  path: Assets/Standard Assets/Characters/ThirdPersonCharacter/Models/Ethan.fbx
  artifactKey: Guid(b235179bd2a63d1468dd430670338c55) Importer(815301076,1909f56bfc062723c751e8b465ee728b)
Start importing Assets/Standard Assets/Characters/ThirdPersonCharacter/Models/Ethan.fbx using Guid(b235179bd2a63d1468dd430670338c55) Importer(815301076,1909f56bfc062723c751e8b465ee728b)  -> (artifact id: '429f2294e912c738249d3dec42622b71') in 0.389491 seconds 
========================================================================
Received Prepare
Registering precompiled user dll's ...
Registered in 0.005291 seconds.
Begin MonoManager ReloadAssembly
Native extension for WindowsStandalone target not found
Refreshing native plugins compatible for Editor in 1.11 ms, found 0 plugins.
Preloading 0 native plugins for Editor in 0.00 ms.
Mono: successfully reloaded assembly
- Completed reload, in  1.891 seconds
Platform modules already initialized, skipping
Refreshing native plugins compatible for Editor in 1.04 ms, found 0 plugins.
Preloading 0 native plugins for Editor in 0.00 ms.
Unloading 1821 Unused Serialized files (Serialized files now loaded: 0)
System memory in use before: 101.6 MB.
System memory in use after: 101.7 MB.

Unloading 44 unused Assets to reduce memory usage. Loaded Objects now: 2341.
Total: 7.936500 ms (FindLiveObjects: 0.200200 ms CreateObjectMapping: 0.081500 ms MarkObjects: 7.608200 ms  DeleteObjects: 0.045100 ms)

========================================================================
Received Import Request.
  Time since last request: 122.954408 seconds.
  path: Assets/Standard Assets/Characters/ThirdPersonCharacter/Models/Zombie_AirportWorker.prefab
  artifactKey: Guid(fc8cd223114ab4f4588349346e6b6987) Importer(815301076,1909f56bfc062723c751e8b465ee728b)
Start importing Assets/Standard Assets/Characters/ThirdPersonCharacter/Models/Zombie_AirportWorker.prefab using Guid(fc8cd223114ab4f4588349346e6b6987) Importer(815301076,1909f56bfc062723c751e8b465ee728b)  -> (artifact id: '42f7dad636432b8e07688e56b293a6a4') in 0.172944 seconds 
========================================================================
Received Prepare
Registering precompiled user dll's ...
Registered in 0.003879 seconds.
Begin MonoManager ReloadAssembly
Native extension for WindowsStandalone target not found
Refreshing native plugins compatible for Editor in 1.04 ms, found 0 plugins.
Preloading 0 native plugins for Editor in 0.00 ms.
Mono: successfully reloaded assembly
- Completed reload, in  1.481 seconds
Platform modules already initialized, skipping
Refreshing native plugins compatible for Editor in 1.04 ms, found 0 plugins.
Preloading 0 native plugins for Editor in 0.00 ms.
Unloading 1821 Unused Serialized files (Serialized files now loaded: 0)
System memory in use before: 101.6 MB.
System memory in use after: 101.7 MB.

Unloading 44 unused Assets to reduce memory usage. Loaded Objects now: 2345.
Total: 7.851700 ms (FindLiveObjects: 0.192000 ms CreateObjectMapping: 0.076800 ms MarkObjects: 7.536900 ms  DeleteObjects: 0.044500 ms)

AssetImportWorkerClient::OnTransportError - code=2 error=End of file
